Arguments: 
  C:\Program Files\nodejs\node.exe C:\Users\735\AppData\Roaming\npm\node_modules\yarn\bin\yarn.js

PATH: 
  C:\Users\735\bin;C:\Program Files\Git\mingw64\bin;C:\Program Files\Git\usr\local\bin;C:\Program Files\Git\usr\bin;C:\Program Files\Git\usr\bin;C:\Program Files\Git\mingw64\bin;C:\Program Files\Git\usr\bin;C:\Users\735\bin;C:\Program Files\Microsoft MPI\Bin;C:\VulkanSDK\1.3.250.0\Bin;C:\VulkanSDK\1.3.246.1\Bin;C:\Program Files\mingw64\bin;C:\Python311\Scripts;C:\Python311;C:\devkitPro\msys2\usr\bin;C:\ProgramData\Miniconda3;C:\ProgramData\Miniconda3\Library\mingw-w64\bin;C:\ProgramData\Miniconda3\Library\usr\bin;C:\ProgramData\Miniconda3\Library\bin;C:\ProgramData\Miniconda3\Scripts;C:\WINDOWS\system32;C:\WINDOWS;C:\WINDOWS\System32\Wbem;C:\WINDOWS\System32\WindowsPowerShell\v1.0;C:\WINDOWS\System32\OpenSSH;C:\Program Files\Microsoft SQL Server\110\Tools\Binn;C:\Program Files\PCL 1.6.0\bin;C:\Program Files\OpenNI\Bin64;C:\Program Files\Point Grey Research\Ladybug\bin64;C:\Program Files (x86)\Intel\Intel(R) Management Engine Components\DAL;C:\Program Files\Intel\Intel(R) Management Engine Components\DAL;C:\Program Files\Git\cmd;C:\Program Files\PCL 1.8.1\bin;C:\Program Files\dotnet;C:\Program Files\nodejs;C:\ProgramData\chocolatey\bin;C:\Strawberry\c\bin;C:\Strawberry\perl\site\bin;C:\Strawberry\perl\bin;C:\Program Files (x86)\Windows Kits\10\Windows Performance Toolkit;D:\FIT_Apprenti_Vague_006\flutter\bin;C:\Users\735\AppData\Local\Android\Sdk\platform-tools;C:\Users\735\AppData\Local\Android\Sdk\emulator-6;D:\FIT_Apprenti_Vague_006\AndroidStudio\jbr\bin;D:\FIT_Apprenti_Vague_006\make\bin;C:\Program Files\NVIDIA Corporation\Nsight Compute 2023.2.2;C:\Program Files (x86)\NVIDIA Corporation\PhysX\Common;C:\Program Files\CMake\bin;C:\Program Files\Microsoft SQL Server\150\Tools\Binn;C:\Program Files\Microsoft SQL Server\Client SDK\ODBC\170\Tools\Binn;C:\Program Files (x86)\Microsoft SQL Server\160\Tools\Binn;C:\Program Files\Microsoft SQL Server\160\Tools\Binn;C:\Program Files\Microsoft SQL Server\160\DTS\Binn;C:\Program Files (x86)\Microsoft SQL Server\160\DTS\Binn;C:\Program Files\Azure Data Studio\bin;C:\Program Files\Microsoft VS Code\bin;C:\Python27;C:\Program Files\mingw64\bin;C:\WINDOWS\system32;C:\WINDOWS;C:\Futurmap\Dev-Outils\EXE\Libs\PDAL\build\bin\Release;C:\ProgramData\Miniconda3\Scripts;C:\Users\735\.cargo\bin;C:\ProgramData\Miniconda3;C:\ProgramData\Miniconda3\Library\mingw-w64\bin;C:\ProgramData\Miniconda3\Library\usr\bin;C:\ProgramData\Miniconda3\Library\bin;C:\ProgramData\Miniconda3\bin;C:\ProgramData\Miniconda3\condabin;C:\WINDOWS\System32\Wbem;C:\WINDOWS\System32\WindowsPowerShell\v1.0;C:\WINDOWS\System32\OpenSSH;C:\Program Files\Microsoft SQL Server\110\Tools\Binn;C:\Program Files\PCL 1.6.0\bin;C:\Program Files\OpenNI\Bin64;C:\Program Files\FME;C:\Program Files\Point Grey Research\Ladybug\bin64;C:\Program Files (x86)\Intel\Intel(R) Management Engine Components\DAL;C:\Program Files\Intel\Intel(R) Management Engine Components\DAL;C:\Program Files\Git\cmd;C:\Users\735\AppData\Local\Microsoft\WindowsApps;C:\Futurmap\Dev-Outils\GStarCAD\GRX20\Projets\majgrx\dis;C:\Users\735\AppData\Local\Programs\Microsoft VS Code\bin;C:\Users\735\.dotnet\tools;C:\Program Files\dotnet;D:\pkg;C:\devkitPro\msys2;C:\Users\735\AppData\Roaming\npm;C:\Qt\5.12.11\5.12.11\msvc2017_64\bin;D:\QT\Tools\CMake_64\bin\cmake-gui.exe;C:\Program Files\Azure Data Studio\bin;C:\Program Files\Git\usr\bin\vendor_perl;C:\Program Files\Git\usr\bin\core_perl

Yarn version: 
  1.22.19

Node version: 
  18.13.0

Platform: 
  win32 x64

Trace: 
  Error: https://registry.yarnpkg.com/@prisma%2fclient: ESOCKETTIMEDOUT
      at ClientRequest.<anonymous> (C:\Users\735\AppData\Roaming\npm\node_modules\yarn\lib\cli.js:141517:19)
      at Object.onceWrapper (node:events:627:28)
      at ClientRequest.emit (node:events:513:28)
      at TLSSocket.emitRequestTimeout (node:_http_client:840:9)
      at Object.onceWrapper (node:events:627:28)
      at TLSSocket.emit (node:events:525:35)
      at Socket._onTimeout (node:net:568:8)
      at listOnTimeout (node:internal/timers:564:17)
      at process.processTimers (node:internal/timers:507:7)

npm manifest: 
  {
    "name": "backend",
    "version": "0.0.1",
    "description": "",
    "author": "",
    "private": true,
    "license": "UNLICENSED",
    "scripts": {
      "build": "nest build",
      "format": "prettier --write \"src/**/*.ts\" \"test/**/*.ts\"",
      "start": "nest start",
      "start:dev": "nest start --watch",
      "start:debug": "nest start --debug --watch",
      "start:prod": "node dist/main",
      "lint": "eslint \"{src,apps,libs,test}/**/*.ts\" --fix",
      "test": "jest",
      "test:watch": "jest --watch",
      "test:cov": "jest --coverage",
      "test:debug": "node --inspect-brk -r tsconfig-paths/register -r ts-node/register node_modules/.bin/jest --runInBand",
      "test:e2e": "jest --config ./test/jest-e2e.json"
    },
    "dependencies": {
      "@nestjs/common": "^10.0.0",
      "@nestjs/core": "^10.0.0",
      "@nestjs/platform-express": "^10.0.0",
      "@nestjs/swagger": "^7.1.14",
      "@prisma/client": "^5.5.2",
      "reflect-metadata": "^0.1.13",
      "rxjs": "^7.8.1",
      "swagger-ui-express": "^5.0.0"
    },
    "devDependencies": {
      "@nestjs/schematics": "^10.0.0",
      "@nestjs/testing": "^10.0.0",
      "@types/express": "^4.17.17",
      "@types/jest": "^29.5.2",
      "@types/node": "^20.3.1",
      "@types/supertest": "^2.0.12",
      "@typescript-eslint/eslint-plugin": "^5.59.11",
      "@typescript-eslint/parser": "^5.59.11",
      "eslint": "^8.42.0",
      "eslint-config-prettier": "^8.8.0",
      "eslint-plugin-prettier": "^4.2.1",
      "jest": "^29.5.0",
      "prettier": "^2.8.8",
      "prisma": "^5.5.2",
      "source-map-support": "^0.5.21",
      "supertest": "^6.3.3",
      "ts-jest": "^29.1.0",
      "ts-loader": "^9.4.3",
      "ts-node": "^10.9.1",
      "tsconfig-paths": "^4.2.0",
      "typescript": "^5.1.3"
    },
    "jest": {
      "moduleFileExtensions": [
        "js",
        "json",
        "ts"
      ],
      "rootDir": "src",
      "testRegex": ".*\\.spec\\.ts$",
      "transform": {
        "^.+\\.(t|j)s$": "ts-jest"
      },
      "collectCoverageFrom": [
        "**/*.(t|j)s"
      ],
      "coverageDirectory": "../coverage",
      "testEnvironment": "node"
    }
  }

yarn manifest: 
  No manifest

Lockfile: 
  No lockfile
